<?xml version="1.0" encoding="UTF-8"?>
<!DOCTYPE properties SYSTEM "http://java.sun.com/dtd/properties.dtd">
<properties version="1.0">
    <comment>Test run arguments for ets-wcs11</comment>
    <entry key="url"></entry>
</properties>
